% mean class accuracy (train set)	
 9.0420e+01	
 9.4173e+01	
 9.4946e+01	
 9.5315e+01	
 9.5526e+01	
 9.5656e+01	
 9.5906e+01	
 9.6000e+01	
 9.6131e+01	
 9.6301e+01	
 9.6395e+01	
 9.6506e+01	
 9.6665e+01	
 9.6716e+01	
 9.6835e+01	
 9.6940e+01	
 9.6901e+01	
 9.7071e+01	
 9.7088e+01	
 9.7128e+01	
 9.7236e+01	
 9.7273e+01	
 9.7381e+01	
 9.7287e+01	
 9.7324e+01	
 9.7423e+01	
 9.7491e+01	
 9.7540e+01	
 9.7605e+01	
 9.7707e+01	
 9.7679e+01	
 9.7787e+01	
 9.7770e+01	
 9.7818e+01	
 9.7912e+01	
 9.7869e+01	
 9.7935e+01	
 9.7969e+01	
 9.7989e+01	
 9.8037e+01	
 9.8139e+01	
 9.8102e+01	
 9.8114e+01	
 9.8193e+01	
 9.8179e+01	
 9.8233e+01	
 9.8222e+01	
 9.8213e+01	
 9.8310e+01	
 9.8355e+01	
 9.8423e+01	
 9.8381e+01	
 9.8446e+01	
 9.8341e+01	
 9.8443e+01	
 9.8389e+01	
 9.8494e+01	
 9.8423e+01	
 9.8562e+01	
 9.8582e+01	
 9.8543e+01	
 9.8526e+01	
 9.8557e+01	
 9.8565e+01	
 9.8653e+01	
 9.8537e+01	
 9.8648e+01	
 9.8636e+01	
 9.8668e+01	
 9.8651e+01	
 9.8705e+01	
 9.8753e+01	
 9.8710e+01	
 9.8756e+01	
 9.8685e+01	
 9.8761e+01	
 9.8815e+01	
 9.8767e+01	
 9.8807e+01	
 9.8835e+01	
 9.8713e+01	
 9.8790e+01	
 9.8827e+01	
 9.8855e+01	
 9.8835e+01	
 9.8898e+01	
 9.8881e+01	
 9.8812e+01	
 9.8866e+01	
 9.8864e+01	
 9.8878e+01	
 9.8974e+01	
 9.8872e+01	
 9.8932e+01	
 9.8878e+01	
 9.8881e+01	
 9.8994e+01	
 9.9011e+01	
 9.8974e+01	
 9.8986e+01	
 9.8955e+01	
 9.8989e+01	
 9.9043e+01	
 9.8997e+01	
 9.9040e+01	
 9.9094e+01	
 9.8977e+01	
 9.9017e+01	
 9.9062e+01	
 9.9054e+01	
 9.9045e+01	
 9.9091e+01	
 9.9105e+01	
 9.9097e+01	
 9.9128e+01	
 9.9139e+01	
 9.9134e+01	
 9.9139e+01	
 9.9077e+01	
 9.9088e+01	
 9.9153e+01	
 9.9088e+01	
 9.9165e+01	
 9.9190e+01	
 9.9207e+01	
 9.9182e+01	
 9.9256e+01	
 9.9213e+01	
 9.9239e+01	
 9.9162e+01	
 9.9122e+01	
 9.9196e+01	
 9.9088e+01	
 9.9205e+01	
 9.9205e+01	
 9.9244e+01	
 9.9295e+01	
