% mean class accuracy (train set)	
 6.3064e+01	
 7.5146e+01	
 8.4854e+01	
 8.8726e+01	
 9.0299e+01	
 9.0739e+01	
 9.1847e+01	
 9.2255e+01	
 9.2962e+01	
 9.3185e+01	
 9.3732e+01	
 9.3968e+01	
 9.4471e+01	
 9.4510e+01	
 9.4911e+01	
 9.5057e+01	
 9.5344e+01	
 9.5522e+01	
 9.5732e+01	
 9.5949e+01	
 9.6064e+01	
 9.6299e+01	
 9.6573e+01	
 9.6790e+01	
 9.6815e+01	
 9.6892e+01	
 9.7115e+01	
 9.7274e+01	
 9.7325e+01	
 9.7427e+01	
 9.7605e+01	
 9.7643e+01	
 9.7675e+01	
 9.7930e+01	
 9.7860e+01	
 9.8108e+01	
 9.8178e+01	
 9.8338e+01	
 9.8420e+01	
 9.8548e+01	
 9.8694e+01	
 9.8694e+01	
 9.8682e+01	
 9.8834e+01	
 9.8892e+01	
 9.9013e+01	
 9.9000e+01	
 9.9096e+01	
 9.9159e+01	
 9.9248e+01	
 9.9217e+01	
 9.9420e+01	
 9.9446e+01	
 9.9439e+01	
 9.9471e+01	
 9.9529e+01	
 9.9580e+01	
 9.9580e+01	
 9.9752e+01	
 9.9713e+01	
 9.9841e+01	
 9.9732e+01	
 9.9834e+01	
 9.9822e+01	
 9.9847e+01	
 9.9873e+01	
 9.9873e+01	
 9.9911e+01	
 9.9943e+01	
 9.9917e+01	
 9.9955e+01	
 9.9930e+01	
 9.9975e+01	
 9.9968e+01	
 9.9949e+01	
 9.9968e+01	
 9.9981e+01	
 9.9981e+01	
 9.9962e+01	
 9.9975e+01	
 9.9987e+01	
 9.9987e+01	
 9.9987e+01	
 9.9975e+01	
 9.9936e+01	
 9.9987e+01	
 9.9994e+01	
 9.9994e+01	
 9.9994e+01	
 9.9994e+01	
 9.9994e+01	
 9.9994e+01	
 9.9994e+01	
 9.9975e+01	
 1.0000e+02	
 1.0000e+02	
 9.9994e+01	
 1.0000e+02	
 1.0000e+02	
 1.0000e+02	
 9.9994e+01	
 1.0000e+02	
 1.0000e+02	
 1.0000e+02	
 1.0000e+02	
 1.0000e+02	
 1.0000e+02	
 1.0000e+02	
 1.0000e+02	
 1.0000e+02	
 1.0000e+02	
 1.0000e+02	
 1.0000e+02	
 1.0000e+02	
 1.0000e+02	
 1.0000e+02	
 1.0000e+02	
 1.0000e+02	
 1.0000e+02	
 1.0000e+02	
 1.0000e+02	
 1.0000e+02	
 1.0000e+02	
 1.0000e+02	
 1.0000e+02	
 1.0000e+02	
 1.0000e+02	
 1.0000e+02	
 1.0000e+02	
 1.0000e+02	
 1.0000e+02	
 1.0000e+02	
 1.0000e+02	
 1.0000e+02	
 1.0000e+02	
 1.0000e+02	
